18:37:05,622 DEBUG SQL:109 - 
    insert 
    into
        message
        (TEXT) 
    values
        (?)
18:37:05,637 TRACE BasicBinder:81 - binding parameter [1] as [VARCHAR] - [Hello World with Hibernate as JPA Provider]
18:55:04,002 DEBUG SQL:109 - 
    insert 
    into
        message
        (TEXT) 
    values
        (?)
18:55:04,024 TRACE BasicBinder:81 - binding parameter [1] as [VARCHAR] - [Hello]
18:55:04,071 DEBUG SQL:109 - 
    update
        message 
    set
        TEXT=? 
    where
        ID=?
18:55:04,071 TRACE BasicBinder:81 - binding parameter [1] as [VARCHAR] - [Hello - test after persisting]
18:55:04,071 TRACE BasicBinder:81 - binding parameter [2] as [BIGINT] - [6]
18:56:23,281 DEBUG SQL:109 - 
    insert 
    into
        message
        (TEXT) 
    values
        (?)
18:56:23,303 TRACE BasicBinder:81 - binding parameter [1] as [VARCHAR] - [Hello]
18:56:23,403 DEBUG SQL:109 - 
    select
        message0_.ID as ID1_0_0_,
        message0_.TEXT as TEXT2_0_0_ 
    from
        message message0_ 
    where
        message0_.ID=?
18:56:23,418 TRACE BasicBinder:81 - binding parameter [1] as [BIGINT] - [7]
18:56:23,504 DEBUG SQL:109 - 
    update
        message 
    set
        TEXT=? 
    where
        ID=?
18:56:23,504 TRACE BasicBinder:81 - binding parameter [1] as [VARCHAR] - [Hi]
18:56:23,504 TRACE BasicBinder:81 - binding parameter [2] as [BIGINT] - [7]
18:56:23,566 DEBUG SQL:109 - 
    insert 
    into
        message
        (TEXT) 
    values
        (?)
18:56:23,566 TRACE BasicBinder:81 - binding parameter [1] as [VARCHAR] - [Howdy]
18:57:31,800 DEBUG SQL:109 - 
    insert 
    into
        message
        (TEXT) 
    values
        (?)
18:57:31,819 TRACE BasicBinder:81 - binding parameter [1] as [VARCHAR] - [Hello]
18:57:31,937 DEBUG SQL:109 - 
    select
        message0_.ID as ID1_0_0_,
        message0_.TEXT as TEXT2_0_0_ 
    from
        message message0_ 
    where
        message0_.ID=?
18:57:31,937 TRACE BasicBinder:81 - binding parameter [1] as [BIGINT] - [9]
18:57:32,022 DEBUG SQL:109 - 
    update
        message 
    set
        TEXT=? 
    where
        ID=?
18:57:32,022 TRACE BasicBinder:81 - binding parameter [1] as [VARCHAR] - [Hi]
18:57:32,022 TRACE BasicBinder:81 - binding parameter [2] as [BIGINT] - [9]
18:57:32,084 DEBUG SQL:109 - 
    insert 
    into
        message
        (TEXT) 
    values
        (?)
18:57:32,084 TRACE BasicBinder:81 - binding parameter [1] as [VARCHAR] - [Howdy]
19:07:37,118 DEBUG SQL:109 - 
    select
        message0_.ID as ID1_0_0_,
        message0_.TEXT as TEXT2_0_0_ 
    from
        message message0_ 
    where
        message0_.ID=?
19:07:37,133 TRACE BasicBinder:81 - binding parameter [1] as [BIGINT] - [7]
19:08:14,842 DEBUG SQL:109 - 
    select
        message0_.ID as ID1_0_0_,
        message0_.TEXT as TEXT2_0_0_ 
    from
        message message0_ 
    where
        message0_.ID=?
19:08:14,858 TRACE BasicBinder:81 - binding parameter [1] as [BIGINT] - [7]
19:08:14,889 DEBUG SQL:109 - 
    select
        message0_.ID as ID1_0_0_,
        message0_.TEXT as TEXT2_0_0_ 
    from
        message message0_ 
    where
        message0_.ID=?
19:08:14,889 TRACE BasicBinder:81 - binding parameter [1] as [BIGINT] - [7]
19:25:56,919 DEBUG SQL:109 - 
    select
        guide0_.id as id1_0_0_,
        guide0_.name as name2_0_0_,
        guide0_.salary as salary3_0_0_,
        guide0_.staff_id as staff_id4_0_0_ 
    from
        Guide guide0_ 
    where
        guide0_.id=?
19:25:56,934 TRACE BasicBinder:81 - binding parameter [1] as [BIGINT] - [2]
19:25:56,950 DEBUG SQL:109 - 
    select
        students0_.guide_id as guide_id4_0_0_,
        students0_.id as id1_1_0_,
        students0_.id as id1_1_1_,
        students0_.enrollment_id as enrollme2_1_1_,
        students0_.guide_id as guide_id4_1_1_,
        students0_.name as name3_1_1_ 
    from
        Student students0_ 
    where
        students0_.guide_id=?
19:25:56,950 TRACE BasicBinder:81 - binding parameter [1] as [BIGINT] - [2]
19:27:06,526 DEBUG SQL:109 - 
    select
        student0_.id as id1_1_0_,
        student0_.enrollment_id as enrollme2_1_0_,
        student0_.guide_id as guide_id4_1_0_,
        student0_.name as name3_1_0_,
        guide1_.id as id1_0_1_,
        guide1_.name as name2_0_1_,
        guide1_.salary as salary3_0_1_,
        guide1_.staff_id as staff_id4_0_1_ 
    from
        Student student0_ 
    left outer join
        Guide guide1_ 
            on student0_.guide_id=guide1_.id 
    where
        student0_.id=?
19:27:06,548 TRACE BasicBinder:81 - binding parameter [1] as [BIGINT] - [2]
19:53:10,859 DEBUG SQL:109 - 
    select
        student0_.id as id1_1_0_,
        student0_.enrollment_id as enrollme2_1_0_,
        student0_.guide_id as guide_id4_1_0_,
        student0_.name as name3_1_0_,
        guide1_.id as id1_0_1_,
        guide1_.name as name2_0_1_,
        guide1_.salary as salary3_0_1_,
        guide1_.staff_id as staff_id4_0_1_ 
    from
        Student student0_ 
    left outer join
        Guide guide1_ 
            on student0_.guide_id=guide1_.id 
    where
        student0_.id=?
19:53:10,875 TRACE BasicBinder:81 - binding parameter [1] as [BIGINT] - [2]
19:53:10,906 DEBUG SQL:109 - 
    select
        guide0_.id as id1_0_0_,
        guide0_.name as name2_0_0_,
        guide0_.salary as salary3_0_0_,
        guide0_.staff_id as staff_id4_0_0_ 
    from
        Guide guide0_ 
    where
        guide0_.id=?
19:53:10,906 TRACE BasicBinder:81 - binding parameter [1] as [BIGINT] - [2]
19:53:10,906 DEBUG SQL:109 - 
    select
        students0_.guide_id as guide_id4_0_0_,
        students0_.id as id1_1_0_,
        students0_.id as id1_1_1_,
        students0_.enrollment_id as enrollme2_1_1_,
        students0_.guide_id as guide_id4_1_1_,
        students0_.name as name3_1_1_ 
    from
        Student students0_ 
    where
        students0_.guide_id=?
19:53:10,906 TRACE BasicBinder:81 - binding parameter [1] as [BIGINT] - [2]
19:57:38,751 DEBUG SQL:109 - 
    select
        student0_.id as id1_1_0_,
        student0_.enrollment_id as enrollme2_1_0_,
        student0_.guide_id as guide_id4_1_0_,
        student0_.name as name3_1_0_,
        guide1_.id as id1_0_1_,
        guide1_.name as name2_0_1_,
        guide1_.salary as salary3_0_1_,
        guide1_.staff_id as staff_id4_0_1_ 
    from
        Student student0_ 
    left outer join
        Guide guide1_ 
            on student0_.guide_id=guide1_.id 
    where
        student0_.id=?
19:57:38,766 TRACE BasicBinder:81 - binding parameter [1] as [BIGINT] - [2]
19:57:38,798 DEBUG SQL:109 - 
    select
        students0_.guide_id as guide_id4_0_0_,
        students0_.id as id1_1_0_,
        students0_.id as id1_1_1_,
        students0_.enrollment_id as enrollme2_1_1_,
        students0_.guide_id as guide_id4_1_1_,
        students0_.name as name3_1_1_ 
    from
        Student students0_ 
    where
        students0_.guide_id=?
19:57:38,798 TRACE BasicBinder:81 - binding parameter [1] as [BIGINT] - [2]
